<?xml version="1.0" encoding="UTF-8" ?>
<testsuite failures="0" time="0.047" errors="0" skipped="0" tests="1" name="com.ahchoo.automation.AppTest">
  <properties>
    <property name="java.runtime.name" value="Java(TM) SE Runtime Environment"/>
    <property name="sun.boot.library.path" value="/System/Library/Java/JavaVirtualMachines/1.6.0.jdk/Contents/Libraries"/>
    <property name="java.vm.version" value="20.6-b01-415"/>
    <property name="awt.nativeDoubleBuffering" value="true"/>
    <property name="gopherProxySet" value="false"/>
    <property name="mrj.build" value="11M3635"/>
    <property name="java.vm.vendor" value="Apple Inc."/>
    <property name="java.vendor.url" value="http://www.apple.com/"/>
    <property name="path.separator" value=":"/>
    <property name="java.vm.name" value="Java HotSpot(TM) 64-Bit Server VM"/>
    <property name="file.encoding.pkg" value="sun.io"/>
    <property name="user.country" value="CN"/>
    <property name="sun.java.launcher" value="SUN_STANDARD"/>
    <property name="sun.os.patch.level" value="unknown"/>
    <property name="java.vm.specification.name" value="Java Virtual Machine Specification"/>
    <property name="user.dir" value="/Volumes/MacBackUp/ahcoo"/>
    <property name="java.runtime.version" value="1.6.0_31-b04-415-11M3635"/>
    <property name="java.awt.graphicsenv" value="apple.awt.CGraphicsEnvironment"/>
    <property name="basedir" value="/Volumes/MacBackUp/ahcoo"/>
    <property name="java.endorsed.dirs" value="/System/Library/Java/JavaVirtualMachines/1.6.0.jdk/Contents/Home/lib/endorsed"/>
    <property name="os.arch" value="x86_64"/>
    <property name="surefire.real.class.path" value="/Volumes/MacBackUp/ahcoo/target/surefire/surefirebooter4704357235065767884.jar"/>
    <property name="java.io.tmpdir" value="/var/folders/xn/gqhhyvvx00xcljhnl94brv3c0000gn/T/"/>
    <property name="line.separator" value="
"/>
    <property name="java.vm.specification.vendor" value="Sun Microsystems Inc."/>
    <property name="os.name" value="Mac OS X"/>
    <property name="sun.jnu.encoding" value="EUC_CN"/>
    <property name="java.library.path" value=".:/Library/Java/Extensions:/System/Library/Java/Extensions:/usr/lib/java"/>
    <property name="surefire.test.class.path" value="/Volumes/MacBackUp/ahcoo/target/test-classes:/Volumes/MacBackUp/ahcoo/target/classes:/Users/lihuazhang/.m2/repository/junit/junit/4.10/junit-4.10.jar:/Users/lihuazhang/.m2/repository/org/hamcrest/hamcrest-core/1.1/hamcrest-core-1.1.jar:/Users/lihuazhang/.m2/repository/org/seleniumhq/selenium/selenium-java/2.20.0/selenium-java-2.20.0.jar:/Users/lihuazhang/.m2/repository/org/seleniumhq/selenium/selenium-android-driver/2.20.0/selenium-android-driver-2.20.0.jar:/Users/lihuazhang/.m2/repository/org/seleniumhq/selenium/selenium-remote-driver/2.20.0/selenium-remote-driver-2.20.0.jar:/Users/lihuazhang/.m2/repository/cglib/cglib-nodep/2.1_3/cglib-nodep-2.1_3.jar:/Users/lihuazhang/.m2/repository/org/json/json/20080701/json-20080701.jar:/Users/lihuazhang/.m2/repository/com/google/guava/guava/11.0.1/guava-11.0.1.jar:/Users/lihuazhang/.m2/repository/com/google/code/findbugs/jsr305/1.3.9/jsr305-1.3.9.jar:/Users/lihuazhang/.m2/repository/org/seleniumhq/selenium/selenium-chrome-driver/2.20.0/selenium-chrome-driver-2.20.0.jar:/Users/lihuazhang/.m2/repository/org/seleniumhq/selenium/selenium-htmlunit-driver/2.20.0/selenium-htmlunit-driver-2.20.0.jar:/Users/lihuazhang/.m2/repository/org/seleniumhq/selenium/selenium-api/2.20.0/selenium-api-2.20.0.jar:/Users/lihuazhang/.m2/repository/net/sourceforge/htmlunit/htmlunit/2.9/htmlunit-2.9.jar:/Users/lihuazhang/.m2/repository/xalan/xalan/2.7.1/xalan-2.7.1.jar:/Users/lihuazhang/.m2/repository/xalan/serializer/2.7.1/serializer-2.7.1.jar:/Users/lihuazhang/.m2/repository/commons-collections/commons-collections/3.2.1/commons-collections-3.2.1.jar:/Users/lihuazhang/.m2/repository/commons-lang/commons-lang/2.6/commons-lang-2.6.jar:/Users/lihuazhang/.m2/repository/org/apache/httpcomponents/httpmime/4.1.2/httpmime-4.1.2.jar:/Users/lihuazhang/.m2/repository/commons-codec/commons-codec/1.4/commons-codec-1.4.jar:/Users/lihuazhang/.m2/repository/net/sourceforge/htmlunit/htmlunit-core-js/2.9/htmlunit-core-js-2.9.jar:/Users/lihuazhang/.m2/repository/xerces/xercesImpl/2.9.1/xercesImpl-2.9.1.jar:/Users/lihuazhang/.m2/repository/xml-apis/xml-apis/1.3.04/xml-apis-1.3.04.jar:/Users/lihuazhang/.m2/repository/net/sourceforge/nekohtml/nekohtml/1.9.15/nekohtml-1.9.15.jar:/Users/lihuazhang/.m2/repository/net/sourceforge/cssparser/cssparser/0.9.5/cssparser-0.9.5.jar:/Users/lihuazhang/.m2/repository/org/w3c/css/sac/1.3/sac-1.3.jar:/Users/lihuazhang/.m2/repository/commons-logging/commons-logging/1.1.1/commons-logging-1.1.1.jar:/Users/lihuazhang/.m2/repository/org/apache/httpcomponents/httpclient/4.1.2/httpclient-4.1.2.jar:/Users/lihuazhang/.m2/repository/org/apache/httpcomponents/httpcore/4.1.2/httpcore-4.1.2.jar:/Users/lihuazhang/.m2/repository/org/seleniumhq/selenium/selenium-firefox-driver/2.20.0/selenium-firefox-driver-2.20.0.jar:/Users/lihuazhang/.m2/repository/commons-io/commons-io/2.0.1/commons-io-2.0.1.jar:/Users/lihuazhang/.m2/repository/org/apache/commons/commons-exec/1.1/commons-exec-1.1.jar:/Users/lihuazhang/.m2/repository/org/seleniumhq/selenium/selenium-ie-driver/2.20.0/selenium-ie-driver-2.20.0.jar:/Users/lihuazhang/.m2/repository/net/java/dev/jna/jna/3.4.0/jna-3.4.0.jar:/Users/lihuazhang/.m2/repository/net/java/dev/jna/platform/3.4.0/platform-3.4.0.jar:/Users/lihuazhang/.m2/repository/org/seleniumhq/selenium/selenium-iphone-driver/2.20.0/selenium-iphone-driver-2.20.0.jar:/Users/lihuazhang/.m2/repository/org/seleniumhq/selenium/selenium-support/2.20.0/selenium-support-2.20.0.jar:/Users/lihuazhang/.m2/repository/org/hamcrest/hamcrest-all/1.1/hamcrest-all-1.1.jar:"/>
    <property name="java.specification.name" value="Java Platform API Specification"/>
    <property name="java.class.version" value="50.0"/>
    <property name="sun.management.compiler" value="HotSpot 64-Bit Tiered Compilers"/>
    <property name="os.version" value="10.7.3"/>
    <property name="http.nonProxyHosts" value="local|*.local|169.254/16|*.169.254/16"/>
    <property name="user.home" value="/Users/lihuazhang"/>
    <property name="user.timezone" value=""/>
    <property name="java.awt.printerjob" value="apple.awt.CPrinterJob"/>
    <property name="java.specification.version" value="1.6"/>
    <property name="file.encoding" value="EUC_CN"/>
    <property name="user.name" value="lihuazhang"/>
    <property name="java.class.path" value="/Volumes/MacBackUp/ahcoo/target/test-classes:/Volumes/MacBackUp/ahcoo/target/classes:/Users/lihuazhang/.m2/repository/junit/junit/4.10/junit-4.10.jar:/Users/lihuazhang/.m2/repository/org/hamcrest/hamcrest-core/1.1/hamcrest-core-1.1.jar:/Users/lihuazhang/.m2/repository/org/seleniumhq/selenium/selenium-java/2.20.0/selenium-java-2.20.0.jar:/Users/lihuazhang/.m2/repository/org/seleniumhq/selenium/selenium-android-driver/2.20.0/selenium-android-driver-2.20.0.jar:/Users/lihuazhang/.m2/repository/org/seleniumhq/selenium/selenium-remote-driver/2.20.0/selenium-remote-driver-2.20.0.jar:/Users/lihuazhang/.m2/repository/cglib/cglib-nodep/2.1_3/cglib-nodep-2.1_3.jar:/Users/lihuazhang/.m2/repository/org/json/json/20080701/json-20080701.jar:/Users/lihuazhang/.m2/repository/com/google/guava/guava/11.0.1/guava-11.0.1.jar:/Users/lihuazhang/.m2/repository/com/google/code/findbugs/jsr305/1.3.9/jsr305-1.3.9.jar:/Users/lihuazhang/.m2/repository/org/seleniumhq/selenium/selenium-chrome-driver/2.20.0/selenium-chrome-driver-2.20.0.jar:/Users/lihuazhang/.m2/repository/org/seleniumhq/selenium/selenium-htmlunit-driver/2.20.0/selenium-htmlunit-driver-2.20.0.jar:/Users/lihuazhang/.m2/repository/org/seleniumhq/selenium/selenium-api/2.20.0/selenium-api-2.20.0.jar:/Users/lihuazhang/.m2/repository/net/sourceforge/htmlunit/htmlunit/2.9/htmlunit-2.9.jar:/Users/lihuazhang/.m2/repository/xalan/xalan/2.7.1/xalan-2.7.1.jar:/Users/lihuazhang/.m2/repository/xalan/serializer/2.7.1/serializer-2.7.1.jar:/Users/lihuazhang/.m2/repository/commons-collections/commons-collections/3.2.1/commons-collections-3.2.1.jar:/Users/lihuazhang/.m2/repository/commons-lang/commons-lang/2.6/commons-lang-2.6.jar:/Users/lihuazhang/.m2/repository/org/apache/httpcomponents/httpmime/4.1.2/httpmime-4.1.2.jar:/Users/lihuazhang/.m2/repository/commons-codec/commons-codec/1.4/commons-codec-1.4.jar:/Users/lihuazhang/.m2/repository/net/sourceforge/htmlunit/htmlunit-core-js/2.9/htmlunit-core-js-2.9.jar:/Users/lihuazhang/.m2/repository/xerces/xercesImpl/2.9.1/xercesImpl-2.9.1.jar:/Users/lihuazhang/.m2/repository/xml-apis/xml-apis/1.3.04/xml-apis-1.3.04.jar:/Users/lihuazhang/.m2/repository/net/sourceforge/nekohtml/nekohtml/1.9.15/nekohtml-1.9.15.jar:/Users/lihuazhang/.m2/repository/net/sourceforge/cssparser/cssparser/0.9.5/cssparser-0.9.5.jar:/Users/lihuazhang/.m2/repository/org/w3c/css/sac/1.3/sac-1.3.jar:/Users/lihuazhang/.m2/repository/commons-logging/commons-logging/1.1.1/commons-logging-1.1.1.jar:/Users/lihuazhang/.m2/repository/org/apache/httpcomponents/httpclient/4.1.2/httpclient-4.1.2.jar:/Users/lihuazhang/.m2/repository/org/apache/httpcomponents/httpcore/4.1.2/httpcore-4.1.2.jar:/Users/lihuazhang/.m2/repository/org/seleniumhq/selenium/selenium-firefox-driver/2.20.0/selenium-firefox-driver-2.20.0.jar:/Users/lihuazhang/.m2/repository/commons-io/commons-io/2.0.1/commons-io-2.0.1.jar:/Users/lihuazhang/.m2/repository/org/apache/commons/commons-exec/1.1/commons-exec-1.1.jar:/Users/lihuazhang/.m2/repository/org/seleniumhq/selenium/selenium-ie-driver/2.20.0/selenium-ie-driver-2.20.0.jar:/Users/lihuazhang/.m2/repository/net/java/dev/jna/jna/3.4.0/jna-3.4.0.jar:/Users/lihuazhang/.m2/repository/net/java/dev/jna/platform/3.4.0/platform-3.4.0.jar:/Users/lihuazhang/.m2/repository/org/seleniumhq/selenium/selenium-iphone-driver/2.20.0/selenium-iphone-driver-2.20.0.jar:/Users/lihuazhang/.m2/repository/org/seleniumhq/selenium/selenium-support/2.20.0/selenium-support-2.20.0.jar:/Users/lihuazhang/.m2/repository/org/hamcrest/hamcrest-all/1.1/hamcrest-all-1.1.jar:"/>
    <property name="java.vm.specification.version" value="1.0"/>
    <property name="sun.arch.data.model" value="64"/>
    <property name="java.home" value="/System/Library/Java/JavaVirtualMachines/1.6.0.jdk/Contents/Home"/>
    <property name="sun.java.command" value="/Volumes/MacBackUp/ahcoo/target/surefire/surefirebooter4704357235065767884.jar /Volumes/MacBackUp/ahcoo/target/surefire/surefire411604930165391150tmp /Volumes/MacBackUp/ahcoo/target/surefire/surefire1413226491740735068tmp"/>
    <property name="java.specification.vendor" value="Sun Microsystems Inc."/>
    <property name="user.language" value="zh"/>
    <property name="awt.toolkit" value="apple.awt.CToolkit"/>
    <property name="java.vm.info" value="mixed mode"/>
    <property name="java.version" value="1.6.0_31"/>
    <property name="java.ext.dirs" value="/Library/Java/Extensions:/System/Library/Java/Extensions:/System/Library/Java/JavaVirtualMachines/1.6.0.jdk/Contents/Home/lib/ext"/>
    <property name="sun.boot.class.path" value="/System/Library/Java/JavaVirtualMachines/1.6.0.jdk/Contents/Classes/jsfd.jar:/System/Library/Java/JavaVirtualMachines/1.6.0.jdk/Contents/Classes/classes.jar:/System/Library/Frameworks/JavaVM.framework/Frameworks/JavaRuntimeSupport.framework/Resources/Java/JavaRuntimeSupport.jar:/System/Library/Java/JavaVirtualMachines/1.6.0.jdk/Contents/Classes/ui.jar:/System/Library/Java/JavaVirtualMachines/1.6.0.jdk/Contents/Classes/laf.jar:/System/Library/Java/JavaVirtualMachines/1.6.0.jdk/Contents/Classes/sunrsasign.jar:/System/Library/Java/JavaVirtualMachines/1.6.0.jdk/Contents/Classes/jsse.jar:/System/Library/Java/JavaVirtualMachines/1.6.0.jdk/Contents/Classes/jce.jar:/System/Library/Java/JavaVirtualMachines/1.6.0.jdk/Contents/Classes/charsets.jar"/>
    <property name="java.vendor" value="Apple Inc."/>
    <property name="localRepository" value="/Users/lihuazhang/.m2/repository"/>
    <property name="file.separator" value="/"/>
    <property name="java.vendor.url.bug" value="http://bugreport.apple.com/"/>
    <property name="sun.cpu.endian" value="little"/>
    <property name="sun.io.unicode.encoding" value="UnicodeLittle"/>
    <property name="mrj.version" value="1070.1.6.0_31-415"/>
    <property name="socksNonProxyHosts" value="local|*.local|169.254/16|*.169.254/16"/>
    <property name="ftp.nonProxyHosts" value="local|*.local|169.254/16|*.169.254/16"/>
    <property name="sun.cpu.isalist" value=""/>
  </properties>
  <testcase time="0.001" classname="com.ahchoo.automation.AppTest" name="testApp"/>
</testsuite>